[22:49:21] [ServerMain/INFO]: Environment: Environment[sessionHost=https://sessionserver.mojang.com, servicesHost=https://api.minecraftservices.com, name=PROD]
[22:49:24] [ServerMain/INFO]: Loaded 1290 recipes
[22:49:25] [ServerMain/INFO]: Loaded 1399 advancements
[22:49:26] [Server thread/INFO]: Starting minecraft server version 1.21.1
[22:49:26] [Server thread/INFO]: Loading properties
[22:49:26] [Server thread/INFO]: Default game type: SURVIVAL
[22:49:26] [Server thread/INFO]: Generating keypair
[22:49:26] [Server thread/INFO]: Starting Minecraft server on *:25565
[22:49:26] [Server thread/INFO]: Using epoll channel type
[22:49:26] [Server thread/WARN]: **** SERVER IS RUNNING IN OFFLINE/INSECURE MODE!
[22:49:26] [Server thread/WARN]: The server will make no attempt to authenticate usernames. Beware.
[22:49:26] [Server thread/WARN]: While this makes the game possible to play without internet access, it also opens up the ability for hackers to connect with any username they choose.
[22:49:26] [Server thread/WARN]: To change this, set "online-mode" to "true" in the server.properties file.
[22:49:26] [Server thread/INFO]: Preparing level "world"
[22:49:35] [Server thread/INFO]: Preparing start region for dimension minecraft:overworld
[22:49:35] [Worker-Main-1/INFO]: Preparing spawn area: 0%
[22:49:36] [Worker-Main-1/INFO]: Preparing spawn area: 0%
[22:49:36] [Worker-Main-1/INFO]: Preparing spawn area: 22%
[22:49:37] [Worker-Main-1/INFO]: Preparing spawn area: 75%
[22:49:37] [Server thread/INFO]: Time elapsed: 1646 ms
[22:49:37] [Server thread/INFO]: Done (10.659s)! For help, type "help"
[22:49:39] [Server thread/INFO]: Akukis[/172.29.156.190:50633] logged in with entity id 10 at (-544.0193720720293, 66.0, -1723.6973137585974)
[22:49:39] [Server thread/INFO]: Akukis joined the game
[22:49:53] [Server thread/INFO]: elpro99845[/172.29.149.27:60526] logged in with entity id 336 at (-544.0919737195965, 66.0, -1724.7225501270534)
[22:49:53] [Server thread/INFO]: elpro99845 joined the game
[22:52:01] [Server thread/INFO]: Akukis has made the advancement [A Seedy Place]
[22:56:15] [Server thread/WARN]: Mismatch in destroy block pos: jd{x=-542, y=66, z=-1709} jd{x=-542, y=64, z=-1708}
[22:57:54] [Server thread/INFO]: [Not Secure] <elpro99845> ya deje la madera
[22:58:03] [Server thread/INFO]: [Not Secure] <elpro99845> en el cofre
[22:58:33] [Server thread/INFO]: [Not Secure] <Akukis> y el micro?
[22:59:23] [Server thread/INFO]: [Not Secure] <Akukis> chistosa
[22:59:25] [Server thread/INFO]: elpro99845 burned to death
[22:59:50] [Server thread/INFO]: [Not Secure] <Akukis> jajaja
[23:00:33] [Server thread/INFO]: [Not Secure] <Akukis> despierta
[23:00:39] [Server thread/INFO]: [Not Secure] <Akukis> a chambear
[23:00:44] [Server thread/INFO]: [Not Secure] <elpro99845> ya
[23:00:58] [Server thread/INFO]: [Not Secure] <Akukis> y el micro?
[23:01:16] [Server thread/INFO]: [Not Secure] <Akukis> oeeee
[23:01:22] [Server thread/INFO]: [Not Secure] <elpro99845> aaa
[23:03:13] [Server thread/INFO]: [Not Secure] <elpro99845> 6
[23:03:18] [Server thread/INFO]: [Not Secure] <Akukis> ah¡
[23:04:09] [Server thread/INFO]: [Not Secure] <elpro99845> jeje
[23:04:15] [Server thread/INFO]: [Not Secure] <Akukis> intenta que no exploten p
[23:05:00] [Server thread/INFO]: elpro99845 was blown up by Creeper
[23:05:03] [Server thread/INFO]: [Not Secure] <Akukis> tmr oe
[23:06:40] [Server thread/INFO]: Akukis was blown up by Creeper
[23:07:09] [Server thread/INFO]: elpro99845 was slain by Zombie
[23:07:31] [Server thread/INFO]: elpro99845 was slain by Zombie
[23:07:56] [Server thread/INFO]: elpro99845 was slain by Zombie
[23:08:21] [Server thread/WARN]: elpro99845 moved too quickly! -3.0612041094562983,-0.04353562014750878,-9.731559017486688
[23:09:26] [Server thread/INFO]: elpro99845 was blown up by Creeper
[23:13:08] [Server thread/INFO]: [Akukis: Set own game mode to Spectator Mode]
[23:13:59] [Server thread/INFO]: [Akukis: Set own game mode to Survival Mode]
[23:19:24] [Server thread/INFO]: [Akukis: Set own game mode to Spectator Mode]
[23:19:30] [Server thread/INFO]: [Akukis: Set own game mode to Survival Mode]
[23:19:40] [Server thread/INFO]: elpro99845 was blown up by Creeper
